{"D:\\BCIT\\Term4\\COMP4537\\assignment2-jwt-ClayCoding99\\appServer.js": {"path":"D:\\BCIT\\Term4\\COMP4537\\assignment2-jwt-ClayCoding99\\appServer.js","statementMap":{"0":{"start":{"line":1,"column":17},"end":{"line":1,"column":36}},"1":{"start":{"line":2,"column":16},"end":{"line":2,"column":34}},"2":{"start":{"line":3,"column":22},"end":{"line":3,"column":47}},"3":{"start":{"line":4,"column":29},"end":{"line":4,"column":61}},"4":{"start":{"line":5,"column":21},"end":{"line":5,"column":45}},"5":{"start":{"line":6,"column":22},"end":{"line":6,"column":50}},"6":{"start":{"line":7,"column":15},"end":{"line":7,"column":32}},"7":{"start":{"line":8,"column":13},"end":{"line":8,"column":28}},"8":{"start":{"line":9,"column":15},"end":{"line":9,"column":33}},"9":{"start":{"line":10,"column":18},"end":{"line":10,"column":43}},"10":{"start":{"line":22,"column":4},"end":{"line":22,"column":26}},"11":{"start":{"line":24,"column":25},"end":{"line":24,"column":53}},"12":{"start":{"line":26,"column":15},"end":{"line":26,"column":32}},"13":{"start":{"line":27,"column":0},"end":{"line":27,"column":16}},"14":{"start":{"line":31,"column":12},"end":{"line":31,"column":21}},"15":{"start":{"line":33,"column":16},"end":{"line":33,"column":20}},"16":{"start":{"line":35,"column":14},"end":{"line":47,"column":2}},"17":{"start":{"line":36,"column":2},"end":{"line":36,"column":37}},"18":{"start":{"line":37,"column":21},"end":{"line":37,"column":37}},"19":{"start":{"line":39,"column":2},"end":{"line":39,"column":53}},"20":{"start":{"line":41,"column":2},"end":{"line":46,"column":4}},"21":{"start":{"line":42,"column":4},"end":{"line":45,"column":84}},"22":{"start":{"line":43,"column":6},"end":{"line":43,"column":35}},"23":{"start":{"line":45,"column":6},"end":{"line":45,"column":84}},"24":{"start":{"line":48,"column":0},"end":{"line":48,"column":7}},"25":{"start":{"line":49,"column":0},"end":{"line":49,"column":23}},"26":{"start":{"line":50,"column":12},"end":{"line":50,"column":35}},"27":{"start":{"line":58,"column":0},"end":{"line":58,"column":26}},"28":{"start":{"line":60,"column":0},"end":{"line":60,"column":15}},"29":{"start":{"line":63,"column":17},"end":{"line":90,"column":2}},"30":{"start":{"line":65,"column":16},"end":{"line":65,"column":47}},"31":{"start":{"line":67,"column":2},"end":{"line":70,"column":3}},"32":{"start":{"line":69,"column":4},"end":{"line":69,"column":94}},"33":{"start":{"line":73,"column":13},"end":{"line":73,"column":59}},"34":{"start":{"line":75,"column":15},"end":{"line":75,"column":100}},"35":{"start":{"line":77,"column":2},"end":{"line":77,"column":34}},"36":{"start":{"line":78,"column":2},"end":{"line":78,"column":20}},"37":{"start":{"line":79,"column":2},"end":{"line":82,"column":3}},"38":{"start":{"line":81,"column":4},"end":{"line":81,"column":82}},"39":{"start":{"line":84,"column":2},"end":{"line":89,"column":3}},"40":{"start":{"line":85,"column":21},"end":{"line":85,"column":71}},"41":{"start":{"line":86,"column":4},"end":{"line":86,"column":10}},"42":{"start":{"line":88,"column":4},"end":{"line":88,"column":87}},"43":{"start":{"line":92,"column":18},"end":{"line":98,"column":2}},"44":{"start":{"line":93,"column":18},"end":{"line":93,"column":94}},"45":{"start":{"line":94,"column":2},"end":{"line":96,"column":3}},"46":{"start":{"line":95,"column":4},"end":{"line":95,"column":17}},"47":{"start":{"line":97,"column":2},"end":{"line":97,"column":45}},"48":{"start":{"line":100,"column":0},"end":{"line":100,"column":17}},"49":{"start":{"line":101,"column":0},"end":{"line":113,"column":3}},"50":{"start":{"line":102,"column":2},"end":{"line":103,"column":27}},"51":{"start":{"line":103,"column":4},"end":{"line":103,"column":27}},"52":{"start":{"line":104,"column":2},"end":{"line":105,"column":26}},"53":{"start":{"line":105,"column":4},"end":{"line":105,"column":26}},"54":{"start":{"line":107,"column":15},"end":{"line":110,"column":30}},"55":{"start":{"line":111,"column":2},"end":{"line":111,"column":28}},"56":{"start":{"line":115,"column":0},"end":{"line":122,"column":3}},"57":{"start":{"line":117,"column":17},"end":{"line":117,"column":26}},"58":{"start":{"line":118,"column":15},"end":{"line":118,"column":49}},"59":{"start":{"line":119,"column":2},"end":{"line":120,"column":48}},"60":{"start":{"line":119,"column":24},"end":{"line":119,"column":38}},"61":{"start":{"line":120,"column":7},"end":{"line":120,"column":48}},"62":{"start":{"line":131,"column":0},"end":{"line":131,"column":18}},"63":{"start":{"line":132,"column":0},"end":{"line":143,"column":3}},"64":{"start":{"line":134,"column":2},"end":{"line":134,"column":24}},"65":{"start":{"line":135,"column":2},"end":{"line":135,"column":58}},"66":{"start":{"line":135,"column":20},"end":{"line":135,"column":58}},"67":{"start":{"line":136,"column":15},"end":{"line":136,"column":58}},"68":{"start":{"line":137,"column":2},"end":{"line":137,"column":57}},"69":{"start":{"line":137,"column":24},"end":{"line":137,"column":57}},"70":{"start":{"line":138,"column":18},"end":{"line":138,"column":50}},"71":{"start":{"line":139,"column":2},"end":{"line":141,"column":4}},"72":{"start":{"line":145,"column":0},"end":{"line":156,"column":3}},"73":{"start":{"line":147,"column":15},"end":{"line":147,"column":69}},"74":{"start":{"line":148,"column":2},"end":{"line":154,"column":39}},"75":{"start":{"line":149,"column":4},"end":{"line":151,"column":6}},"76":{"start":{"line":154,"column":4},"end":{"line":154,"column":39}},"77":{"start":{"line":158,"column":0},"end":{"line":179,"column":3}},"78":{"start":{"line":160,"column":20},"end":{"line":160,"column":41}},"79":{"start":{"line":161,"column":17},"end":{"line":161,"column":25}},"80":{"start":{"line":162,"column":18},"end":{"line":166,"column":3}},"81":{"start":{"line":167,"column":14},"end":{"line":167,"column":74}},"82":{"start":{"line":169,"column":2},"end":{"line":177,"column":3}},"83":{"start":{"line":170,"column":4},"end":{"line":173,"column":6}},"84":{"start":{"line":176,"column":4},"end":{"line":176,"column":39}},"85":{"start":{"line":181,"column":0},"end":{"line":200,"column":3}},"86":{"start":{"line":183,"column":20},"end":{"line":183,"column":41}},"87":{"start":{"line":184,"column":17},"end":{"line":184,"column":25}},"88":{"start":{"line":185,"column":18},"end":{"line":188,"column":3}},"89":{"start":{"line":189,"column":14},"end":{"line":189,"column":74}},"90":{"start":{"line":190,"column":2},"end":{"line":198,"column":3}},"91":{"start":{"line":191,"column":4},"end":{"line":194,"column":6}},"92":{"start":{"line":197,"column":4},"end":{"line":197,"column":39}},"93":{"start":{"line":204,"column":0},"end":{"line":207,"column":3}},"94":{"start":{"line":205,"column":2},"end":{"line":205,"column":34}},"95":{"start":{"line":206,"column":2},"end":{"line":206,"column":48}},"96":{"start":{"line":210,"column":0},"end":{"line":210,"column":18}},"97":{"start":{"line":212,"column":0},"end":{"line":212,"column":21}}},"fnMap":{"0":{"name":"(anonymous_0)","decl":{"start":{"line":35,"column":27},"end":{"line":35,"column":28}},"loc":{"start":{"line":35,"column":39},"end":{"line":47,"column":1}},"line":35},"1":{"name":"(anonymous_1)","decl":{"start":{"line":41,"column":41},"end":{"line":41,"column":42}},"loc":{"start":{"line":41,"column":50},"end":{"line":46,"column":3}},"line":41},"2":{"name":"(anonymous_2)","decl":{"start":{"line":63,"column":30},"end":{"line":63,"column":31}},"loc":{"start":{"line":63,"column":56},"end":{"line":90,"column":1}},"line":63},"3":{"name":"(anonymous_3)","decl":{"start":{"line":92,"column":31},"end":{"line":92,"column":32}},"loc":{"start":{"line":92,"column":57},"end":{"line":98,"column":1}},"line":92},"4":{"name":"(anonymous_4)","decl":{"start":{"line":101,"column":41},"end":{"line":101,"column":42}},"loc":{"start":{"line":101,"column":61},"end":{"line":113,"column":1}},"line":101},"5":{"name":"(anonymous_5)","decl":{"start":{"line":115,"column":40},"end":{"line":115,"column":41}},"loc":{"start":{"line":115,"column":60},"end":{"line":122,"column":1}},"line":115},"6":{"name":"(anonymous_6)","decl":{"start":{"line":132,"column":42},"end":{"line":132,"column":43}},"loc":{"start":{"line":132,"column":62},"end":{"line":143,"column":1}},"line":132},"7":{"name":"(anonymous_7)","decl":{"start":{"line":145,"column":43},"end":{"line":145,"column":44}},"loc":{"start":{"line":145,"column":63},"end":{"line":156,"column":1}},"line":145},"8":{"name":"(anonymous_8)","decl":{"start":{"line":158,"column":44},"end":{"line":158,"column":45}},"loc":{"start":{"line":158,"column":64},"end":{"line":179,"column":1}},"line":158},"9":{"name":"(anonymous_9)","decl":{"start":{"line":181,"column":46},"end":{"line":181,"column":47}},"loc":{"start":{"line":181,"column":66},"end":{"line":200,"column":1}},"line":181},"10":{"name":"(anonymous_10)","decl":{"start":{"line":204,"column":19},"end":{"line":204,"column":20}},"loc":{"start":{"line":204,"column":33},"end":{"line":207,"column":1}},"line":204}},"branchMap":{"0":{"loc":{"start":{"line":42,"column":4},"end":{"line":45,"column":84}},"type":"if","locations":[{"start":{"line":42,"column":4},"end":{"line":45,"column":84}},{"start":{"line":45,"column":6},"end":{"line":45,"column":84}}],"line":42},"1":{"loc":{"start":{"line":67,"column":2},"end":{"line":70,"column":3}},"type":"if","locations":[{"start":{"line":67,"column":2},"end":{"line":70,"column":3}},{"start":{},"end":{}}],"line":67},"2":{"loc":{"start":{"line":79,"column":2},"end":{"line":82,"column":3}},"type":"if","locations":[{"start":{"line":79,"column":2},"end":{"line":82,"column":3}},{"start":{},"end":{}}],"line":79},"3":{"loc":{"start":{"line":94,"column":2},"end":{"line":96,"column":3}},"type":"if","locations":[{"start":{"line":94,"column":2},"end":{"line":96,"column":3}},{"start":{},"end":{}}],"line":94},"4":{"loc":{"start":{"line":102,"column":2},"end":{"line":103,"column":27}},"type":"if","locations":[{"start":{"line":102,"column":2},"end":{"line":103,"column":27}},{"start":{},"end":{}}],"line":102},"5":{"loc":{"start":{"line":104,"column":2},"end":{"line":105,"column":26}},"type":"if","locations":[{"start":{"line":104,"column":2},"end":{"line":105,"column":26}},{"start":{},"end":{}}],"line":104},"6":{"loc":{"start":{"line":119,"column":2},"end":{"line":120,"column":48}},"type":"if","locations":[{"start":{"line":119,"column":2},"end":{"line":120,"column":48}},{"start":{"line":120,"column":7},"end":{"line":120,"column":48}}],"line":119},"7":{"loc":{"start":{"line":135,"column":2},"end":{"line":135,"column":58}},"type":"if","locations":[{"start":{"line":135,"column":2},"end":{"line":135,"column":58}},{"start":{},"end":{}}],"line":135},"8":{"loc":{"start":{"line":137,"column":2},"end":{"line":137,"column":57}},"type":"if","locations":[{"start":{"line":137,"column":2},"end":{"line":137,"column":57}},{"start":{},"end":{}}],"line":137},"9":{"loc":{"start":{"line":148,"column":2},"end":{"line":154,"column":39}},"type":"if","locations":[{"start":{"line":148,"column":2},"end":{"line":154,"column":39}},{"start":{"line":154,"column":4},"end":{"line":154,"column":39}}],"line":148},"10":{"loc":{"start":{"line":169,"column":2},"end":{"line":177,"column":3}},"type":"if","locations":[{"start":{"line":169,"column":2},"end":{"line":177,"column":3}},{"start":{"line":174,"column":9},"end":{"line":177,"column":3}}],"line":169},"11":{"loc":{"start":{"line":190,"column":2},"end":{"line":198,"column":3}},"type":"if","locations":[{"start":{"line":190,"column":2},"end":{"line":198,"column":3}},{"start":{"line":195,"column":9},"end":{"line":198,"column":3}}],"line":190}},"s":{"0":1,"1":1,"2":1,"3":1,"4":1,"5":1,"6":1,"7":1,"8":1,"9":1,"10":1,"11":1,"12":1,"13":1,"14":1,"15":1,"16":1,"17":1,"18":1,"19":1,"20":1,"21":1,"22":0,"23":1,"24":1,"25":1,"26":1,"27":1,"28":1,"29":1,"30":7,"31":7,"32":1,"33":6,"34":5,"35":5,"36":5,"37":5,"38":1,"39":4,"40":4,"41":2,"42":2,"43":1,"44":1,"45":1,"46":1,"47":0,"48":1,"49":1,"50":1,"51":1,"52":1,"53":1,"54":1,"55":1,"56":1,"57":0,"58":0,"59":0,"60":0,"61":0,"62":1,"63":1,"64":0,"65":0,"66":0,"67":0,"68":0,"69":0,"70":0,"71":0,"72":1,"73":0,"74":0,"75":0,"76":0,"77":1,"78":0,"79":0,"80":0,"81":0,"82":0,"83":0,"84":0,"85":1,"86":0,"87":0,"88":0,"89":0,"90":0,"91":0,"92":0,"93":1,"94":1,"95":1,"96":1,"97":1},"f":{"0":1,"1":1,"2":7,"3":1,"4":1,"5":0,"6":0,"7":0,"8":0,"9":0,"10":1},"b":{"0":[0,1],"1":[1,6],"2":[1,4],"3":[1,0],"4":[1,0],"5":[1,0],"6":[0,0],"7":[0,0],"8":[0,0],"9":[0,0],"10":[0,0],"11":[0,0]},"_coverageSchema":"1a1c01bbd47fc00a2c39e90264f33305004495a9","hash":"babd9dc540a53dc376a8fb71c7b6fd7d387b62e4"}
,"D:\\BCIT\\Term4\\COMP4537\\assignment2-jwt-ClayCoding99\\asyncWrapper.js": {"path":"D:\\BCIT\\Term4\\COMP4537\\assignment2-jwt-ClayCoding99\\asyncWrapper.js","statementMap":{"0":{"start":{"line":1,"column":21},"end":{"line":10,"column":3}},"1":{"start":{"line":2,"column":4},"end":{"line":9,"column":5}},"2":{"start":{"line":3,"column":6},"end":{"line":8,"column":7}},"3":{"start":{"line":4,"column":8},"end":{"line":4,"column":32}},"4":{"start":{"line":6,"column":8},"end":{"line":6,"column":27}},"5":{"start":{"line":7,"column":8},"end":{"line":7,"column":19}},"6":{"start":{"line":12,"column":0},"end":{"line":12,"column":33}}},"fnMap":{"0":{"name":"(anonymous_0)","decl":{"start":{"line":1,"column":21},"end":{"line":1,"column":22}},"loc":{"start":{"line":1,"column":29},"end":{"line":10,"column":3}},"line":1},"1":{"name":"(anonymous_1)","decl":{"start":{"line":2,"column":11},"end":{"line":2,"column":12}},"loc":{"start":{"line":2,"column":37},"end":{"line":9,"column":5}},"line":2}},"branchMap":{},"s":{"0":1,"1":14,"2":27,"3":27,"4":5,"5":5,"6":1},"f":{"0":14,"1":27},"b":{},"_coverageSchema":"1a1c01bbd47fc00a2c39e90264f33305004495a9","hash":"ee65aea644f516a6eee2a010cd38404d7cc97272"}
,"D:\\BCIT\\Term4\\COMP4537\\assignment2-jwt-ClayCoding99\\authServer.js": {"path":"D:\\BCIT\\Term4\\COMP4537\\assignment2-jwt-ClayCoding99\\authServer.js","statementMap":{"0":{"start":{"line":1,"column":16},"end":{"line":1,"column":34}},"1":{"start":{"line":2,"column":22},"end":{"line":2,"column":50}},"2":{"start":{"line":3,"column":25},"end":{"line":3,"column":53}},"3":{"start":{"line":4,"column":15},"end":{"line":4,"column":32}},"4":{"start":{"line":5,"column":0},"end":{"line":5,"column":16}},"5":{"start":{"line":6,"column":18},"end":{"line":6,"column":43}},"6":{"start":{"line":7,"column":22},"end":{"line":7,"column":47}},"7":{"start":{"line":8,"column":13},"end":{"line":8,"column":28}},"8":{"start":{"line":9,"column":15},"end":{"line":9,"column":32}},"9":{"start":{"line":10,"column":13},"end":{"line":10,"column":28}},"10":{"start":{"line":16,"column":4},"end":{"line":16,"column":26}},"11":{"start":{"line":18,"column":12},"end":{"line":18,"column":21}},"12":{"start":{"line":19,"column":15},"end":{"line":19,"column":64}},"13":{"start":{"line":21,"column":14},"end":{"line":33,"column":2}},"14":{"start":{"line":22,"column":2},"end":{"line":22,"column":37}},"15":{"start":{"line":24,"column":2},"end":{"line":32,"column":4}},"16":{"start":{"line":25,"column":4},"end":{"line":28,"column":84}},"17":{"start":{"line":26,"column":6},"end":{"line":26,"column":35}},"18":{"start":{"line":28,"column":6},"end":{"line":28,"column":84}},"19":{"start":{"line":29,"column":16},"end":{"line":29,"column":64}},"20":{"start":{"line":30,"column":4},"end":{"line":31,"column":125}},"21":{"start":{"line":31,"column":6},"end":{"line":31,"column":125}},"22":{"start":{"line":34,"column":0},"end":{"line":34,"column":7}},"23":{"start":{"line":36,"column":0},"end":{"line":36,"column":23}},"24":{"start":{"line":37,"column":0},"end":{"line":39,"column":3}},"25":{"start":{"line":41,"column":0},"end":{"line":54,"column":3}},"26":{"start":{"line":42,"column":2},"end":{"line":53,"column":3}},"27":{"start":{"line":43,"column":42},"end":{"line":43,"column":50}},"28":{"start":{"line":44,"column":17},"end":{"line":44,"column":41}},"29":{"start":{"line":45,"column":27},"end":{"line":45,"column":60}},"30":{"start":{"line":46,"column":35},"end":{"line":46,"column":76}},"31":{"start":{"line":48,"column":17},"end":{"line":48,"column":63}},"32":{"start":{"line":50,"column":4},"end":{"line":50,"column":31}},"33":{"start":{"line":52,"column":4},"end":{"line":52,"column":78}},"34":{"start":{"line":56,"column":12},"end":{"line":56,"column":35}},"35":{"start":{"line":58,"column":0},"end":{"line":80,"column":3}},"36":{"start":{"line":60,"column":23},"end":{"line":60,"column":55}},"37":{"start":{"line":61,"column":2},"end":{"line":63,"column":3}},"38":{"start":{"line":62,"column":4},"end":{"line":62,"column":67}},"39":{"start":{"line":66,"column":25},"end":{"line":66,"column":71}},"40":{"start":{"line":67,"column":2},"end":{"line":70,"column":3}},"41":{"start":{"line":68,"column":4},"end":{"line":68,"column":41}},"42":{"start":{"line":69,"column":4},"end":{"line":69,"column":78}},"43":{"start":{"line":72,"column":2},"end":{"line":79,"column":3}},"44":{"start":{"line":73,"column":20},"end":{"line":73,"column":78}},"45":{"start":{"line":74,"column":24},"end":{"line":74,"column":111}},"46":{"start":{"line":75,"column":4},"end":{"line":75,"column":48}},"47":{"start":{"line":76,"column":4},"end":{"line":76,"column":37}},"48":{"start":{"line":78,"column":4},"end":{"line":78,"column":78}},"49":{"start":{"line":82,"column":0},"end":{"line":120,"column":3}},"50":{"start":{"line":83,"column":33},"end":{"line":83,"column":41}},"51":{"start":{"line":84,"column":13},"end":{"line":84,"column":17}},"52":{"start":{"line":85,"column":2},"end":{"line":90,"column":3}},"53":{"start":{"line":86,"column":6},"end":{"line":86,"column":50}},"54":{"start":{"line":88,"column":4},"end":{"line":88,"column":48}},"55":{"start":{"line":89,"column":4},"end":{"line":89,"column":83}},"56":{"start":{"line":92,"column":2},"end":{"line":93,"column":48}},"57":{"start":{"line":93,"column":4},"end":{"line":93,"column":48}},"58":{"start":{"line":96,"column":28},"end":{"line":96,"column":73}},"59":{"start":{"line":97,"column":2},"end":{"line":98,"column":55}},"60":{"start":{"line":98,"column":4},"end":{"line":98,"column":55}},"61":{"start":{"line":101,"column":2},"end":{"line":101,"column":20}},"62":{"start":{"line":102,"column":22},"end":{"line":102,"column":101}},"63":{"start":{"line":103,"column":23},"end":{"line":103,"column":81}},"64":{"start":{"line":105,"column":2},"end":{"line":111,"column":3}},"65":{"start":{"line":106,"column":4},"end":{"line":106,"column":122}},"66":{"start":{"line":107,"column":4},"end":{"line":107,"column":30}},"67":{"start":{"line":108,"column":4},"end":{"line":108,"column":31}},"68":{"start":{"line":110,"column":4},"end":{"line":110,"column":35}},"69":{"start":{"line":113,"column":2},"end":{"line":113,"column":89}},"70":{"start":{"line":119,"column":2},"end":{"line":119,"column":28}},"71":{"start":{"line":123,"column":0},"end":{"line":130,"column":3}},"72":{"start":{"line":124,"column":15},"end":{"line":124,"column":66}},"73":{"start":{"line":125,"column":2},"end":{"line":127,"column":3}},"74":{"start":{"line":126,"column":4},"end":{"line":126,"column":48}},"75":{"start":{"line":128,"column":2},"end":{"line":128,"column":86}},"76":{"start":{"line":129,"column":2},"end":{"line":129,"column":24}},"77":{"start":{"line":132,"column":0},"end":{"line":132,"column":21}}},"fnMap":{"0":{"name":"(anonymous_0)","decl":{"start":{"line":21,"column":27},"end":{"line":21,"column":28}},"loc":{"start":{"line":21,"column":39},"end":{"line":33,"column":1}},"line":21},"1":{"name":"(anonymous_1)","decl":{"start":{"line":24,"column":41},"end":{"line":24,"column":42}},"loc":{"start":{"line":24,"column":56},"end":{"line":32,"column":3}},"line":24},"2":{"name":"(anonymous_2)","decl":{"start":{"line":41,"column":35},"end":{"line":41,"column":36}},"loc":{"start":{"line":41,"column":55},"end":{"line":54,"column":1}},"line":41},"3":{"name":"(anonymous_3)","decl":{"start":{"line":58,"column":48},"end":{"line":58,"column":49}},"loc":{"start":{"line":58,"column":68},"end":{"line":80,"column":1}},"line":58},"4":{"name":"(anonymous_4)","decl":{"start":{"line":82,"column":32},"end":{"line":82,"column":33}},"loc":{"start":{"line":82,"column":52},"end":{"line":120,"column":1}},"line":82},"5":{"name":"(anonymous_5)","decl":{"start":{"line":123,"column":32},"end":{"line":123,"column":33}},"loc":{"start":{"line":123,"column":52},"end":{"line":130,"column":1}},"line":123}},"branchMap":{"0":{"loc":{"start":{"line":25,"column":4},"end":{"line":28,"column":84}},"type":"if","locations":[{"start":{"line":25,"column":4},"end":{"line":28,"column":84}},{"start":{"line":28,"column":6},"end":{"line":28,"column":84}}],"line":25},"1":{"loc":{"start":{"line":30,"column":4},"end":{"line":31,"column":125}},"type":"if","locations":[{"start":{"line":30,"column":4},"end":{"line":31,"column":125}},{"start":{},"end":{}}],"line":30},"2":{"loc":{"start":{"line":61,"column":2},"end":{"line":63,"column":3}},"type":"if","locations":[{"start":{"line":61,"column":2},"end":{"line":63,"column":3}},{"start":{},"end":{}}],"line":61},"3":{"loc":{"start":{"line":67,"column":2},"end":{"line":70,"column":3}},"type":"if","locations":[{"start":{"line":67,"column":2},"end":{"line":70,"column":3}},{"start":{},"end":{}}],"line":67},"4":{"loc":{"start":{"line":67,"column":6},"end":{"line":67,"column":53}},"type":"binary-expr","locations":[{"start":{"line":67,"column":6},"end":{"line":67,"column":21}},{"start":{"line":67,"column":25},"end":{"line":67,"column":53}}],"line":67},"5":{"loc":{"start":{"line":92,"column":2},"end":{"line":93,"column":48}},"type":"if","locations":[{"start":{"line":92,"column":2},"end":{"line":93,"column":48}},{"start":{},"end":{}}],"line":92},"6":{"loc":{"start":{"line":97,"column":2},"end":{"line":98,"column":55}},"type":"if","locations":[{"start":{"line":97,"column":2},"end":{"line":98,"column":55}},{"start":{},"end":{}}],"line":97},"7":{"loc":{"start":{"line":125,"column":2},"end":{"line":127,"column":3}},"type":"if","locations":[{"start":{"line":125,"column":2},"end":{"line":127,"column":3}},{"start":{},"end":{}}],"line":125}},"s":{"0":1,"1":1,"2":1,"3":1,"4":1,"5":1,"6":1,"7":1,"8":1,"9":1,"10":1,"11":1,"12":1,"13":1,"14":1,"15":1,"16":1,"17":0,"18":1,"19":1,"20":1,"21":1,"22":1,"23":1,"24":1,"25":1,"26":3,"27":3,"28":3,"29":3,"30":3,"31":3,"32":2,"33":1,"34":1,"35":1,"36":2,"37":2,"38":0,"39":2,"40":2,"41":1,"42":1,"43":1,"44":1,"45":1,"46":1,"47":1,"48":0,"49":1,"50":10,"51":10,"52":10,"53":10,"54":0,"55":0,"56":10,"57":0,"58":10,"59":10,"60":1,"61":9,"62":9,"63":9,"64":9,"65":9,"66":9,"67":9,"68":0,"69":9,"70":9,"71":1,"72":1,"73":1,"74":0,"75":1,"76":1,"77":1},"f":{"0":1,"1":1,"2":3,"3":2,"4":10,"5":1},"b":{"0":[0,1],"1":[1,0],"2":[0,2],"3":[1,1],"4":[2,1],"5":[0,10],"6":[1,9],"7":[0,1]},"_coverageSchema":"1a1c01bbd47fc00a2c39e90264f33305004495a9","hash":"4789a9eed11d454329465216bd9f90eef0bf3f44"}
,"D:\\BCIT\\Term4\\COMP4537\\assignment2-jwt-ClayCoding99\\connectDB.js": {"path":"D:\\BCIT\\Term4\\COMP4537\\assignment2-jwt-ClayCoding99\\connectDB.js","statementMap":{"0":{"start":{"line":1,"column":21},"end":{"line":1,"column":40}},"1":{"start":{"line":2,"column":15},"end":{"line":2,"column":32}},"2":{"start":{"line":3,"column":0},"end":{"line":3,"column":16}},"3":{"start":{"line":6,"column":18},"end":{"line":17,"column":1}},"4":{"start":{"line":7,"column":2},"end":{"line":16,"column":3}},"5":{"start":{"line":8,"column":14},"end":{"line":8,"column":59}},"6":{"start":{"line":9,"column":4},"end":{"line":9,"column":35}},"7":{"start":{"line":10,"column":4},"end":{"line":11,"column":44}},"8":{"start":{"line":11,"column":6},"end":{"line":11,"column":44}},"9":{"start":{"line":15,"column":4},"end":{"line":15,"column":28}},"10":{"start":{"line":19,"column":0},"end":{"line":19,"column":29}}},"fnMap":{"0":{"name":"(anonymous_0)","decl":{"start":{"line":6,"column":18},"end":{"line":6,"column":19}},"loc":{"start":{"line":6,"column":35},"end":{"line":17,"column":1}},"line":6}},"branchMap":{"0":{"loc":{"start":{"line":10,"column":4},"end":{"line":11,"column":44}},"type":"if","locations":[{"start":{"line":10,"column":4},"end":{"line":11,"column":44}},{"start":{},"end":{}}],"line":10}},"s":{"0":1,"1":1,"2":1,"3":1,"4":2,"5":2,"6":2,"7":2,"8":0,"9":0,"10":1},"f":{"0":2},"b":{"0":[0,2]},"_coverageSchema":"1a1c01bbd47fc00a2c39e90264f33305004495a9","hash":"ddd05c4c5e5468ef1f95aa0d30e1590ef5508d83"}
,"D:\\BCIT\\Term4\\COMP4537\\assignment2-jwt-ClayCoding99\\errorHandler.js": {"path":"D:\\BCIT\\Term4\\COMP4537\\assignment2-jwt-ClayCoding99\\errorHandler.js","statementMap":{"0":{"start":{"line":1,"column":21},"end":{"line":1,"column":40}},"1":{"start":{"line":14,"column":0},"end":{"line":30,"column":1}},"2":{"start":{"line":15,"column":2},"end":{"line":18,"column":19}},"3":{"start":{"line":16,"column":4},"end":{"line":16,"column":31}},"4":{"start":{"line":18,"column":4},"end":{"line":18,"column":19}},"5":{"start":{"line":19,"column":2},"end":{"line":19,"column":23}},"6":{"start":{"line":20,"column":2},"end":{"line":20,"column":37}},"7":{"start":{"line":21,"column":2},"end":{"line":21,"column":19}},"8":{"start":{"line":22,"column":2},"end":{"line":22,"column":37}},"9":{"start":{"line":33,"column":0},"end":{"line":33,"column":30}}},"fnMap":{"0":{"name":"(anonymous_0)","decl":{"start":{"line":14,"column":12},"end":{"line":14,"column":13}},"loc":{"start":{"line":14,"column":37},"end":{"line":30,"column":1}},"line":14}},"branchMap":{"0":{"loc":{"start":{"line":15,"column":2},"end":{"line":18,"column":19}},"type":"if","locations":[{"start":{"line":15,"column":2},"end":{"line":18,"column":19}},{"start":{"line":18,"column":4},"end":{"line":18,"column":19}}],"line":15}},"s":{"0":1,"1":1,"2":3,"3":2,"4":1,"5":3,"6":3,"7":3,"8":3,"9":1},"f":{"0":3},"b":{"0":[2,1]},"_coverageSchema":"1a1c01bbd47fc00a2c39e90264f33305004495a9","hash":"0d319d3bb02e564cf1be92aceefad0994dde022b"}
,"D:\\BCIT\\Term4\\COMP4537\\assignment2-jwt-ClayCoding99\\errors.js": {"path":"D:\\BCIT\\Term4\\COMP4537\\assignment2-jwt-ClayCoding99\\errors.js","statementMap":{"0":{"start":{"line":3,"column":6},"end":{"line":3,"column":21}},"1":{"start":{"line":4,"column":6},"end":{"line":4,"column":38}},"2":{"start":{"line":5,"column":6},"end":{"line":5,"column":76}},"3":{"start":{"line":5,"column":20},"end":{"line":5,"column":76}},"4":{"start":{"line":6,"column":6},"end":{"line":6,"column":29}},"5":{"start":{"line":12,"column":6},"end":{"line":12,"column":21}},"6":{"start":{"line":13,"column":6},"end":{"line":13,"column":41}},"7":{"start":{"line":14,"column":6},"end":{"line":14,"column":73}},"8":{"start":{"line":15,"column":6},"end":{"line":15,"column":29}},"9":{"start":{"line":21,"column":6},"end":{"line":21,"column":21}},"10":{"start":{"line":22,"column":6},"end":{"line":22,"column":35}},"11":{"start":{"line":23,"column":6},"end":{"line":23,"column":75}},"12":{"start":{"line":24,"column":6},"end":{"line":24,"column":29}},"13":{"start":{"line":30,"column":6},"end":{"line":30,"column":21}},"14":{"start":{"line":31,"column":6},"end":{"line":31,"column":42}},"15":{"start":{"line":32,"column":6},"end":{"line":32,"column":94}},"16":{"start":{"line":33,"column":6},"end":{"line":33,"column":29}},"17":{"start":{"line":39,"column":6},"end":{"line":39,"column":21}},"18":{"start":{"line":40,"column":6},"end":{"line":40,"column":47}},"19":{"start":{"line":41,"column":6},"end":{"line":41,"column":62}},"20":{"start":{"line":42,"column":6},"end":{"line":42,"column":29}},"21":{"start":{"line":48,"column":6},"end":{"line":48,"column":21}},"22":{"start":{"line":49,"column":6},"end":{"line":49,"column":50}},"23":{"start":{"line":50,"column":6},"end":{"line":50,"column":62}},"24":{"start":{"line":51,"column":6},"end":{"line":51,"column":29}},"25":{"start":{"line":57,"column":6},"end":{"line":57,"column":21}},"26":{"start":{"line":58,"column":6},"end":{"line":58,"column":44}},"27":{"start":{"line":59,"column":6},"end":{"line":59,"column":65}},"28":{"start":{"line":60,"column":6},"end":{"line":60,"column":29}},"29":{"start":{"line":66,"column":6},"end":{"line":66,"column":21}},"30":{"start":{"line":67,"column":6},"end":{"line":67,"column":37}},"31":{"start":{"line":68,"column":6},"end":{"line":68,"column":73}},"32":{"start":{"line":69,"column":6},"end":{"line":69,"column":29}},"33":{"start":{"line":74,"column":2},"end":{"line":83,"column":4}}},"fnMap":{"0":{"name":"(anonymous_0)","decl":{"start":{"line":2,"column":4},"end":{"line":2,"column":5}},"loc":{"start":{"line":2,"column":25},"end":{"line":7,"column":5}},"line":2},"1":{"name":"(anonymous_1)","decl":{"start":{"line":11,"column":4},"end":{"line":11,"column":5}},"loc":{"start":{"line":11,"column":25},"end":{"line":16,"column":5}},"line":11},"2":{"name":"(anonymous_2)","decl":{"start":{"line":20,"column":4},"end":{"line":20,"column":5}},"loc":{"start":{"line":20,"column":25},"end":{"line":25,"column":5}},"line":20},"3":{"name":"(anonymous_3)","decl":{"start":{"line":29,"column":4},"end":{"line":29,"column":5}},"loc":{"start":{"line":29,"column":25},"end":{"line":34,"column":5}},"line":29},"4":{"name":"(anonymous_4)","decl":{"start":{"line":38,"column":4},"end":{"line":38,"column":5}},"loc":{"start":{"line":38,"column":25},"end":{"line":43,"column":5}},"line":38},"5":{"name":"(anonymous_5)","decl":{"start":{"line":47,"column":4},"end":{"line":47,"column":5}},"loc":{"start":{"line":47,"column":25},"end":{"line":52,"column":5}},"line":47},"6":{"name":"(anonymous_6)","decl":{"start":{"line":56,"column":4},"end":{"line":56,"column":5}},"loc":{"start":{"line":56,"column":25},"end":{"line":61,"column":5}},"line":56},"7":{"name":"(anonymous_7)","decl":{"start":{"line":65,"column":4},"end":{"line":65,"column":5}},"loc":{"start":{"line":65,"column":25},"end":{"line":70,"column":5}},"line":65}},"branchMap":{"0":{"loc":{"start":{"line":5,"column":6},"end":{"line":5,"column":76}},"type":"if","locations":[{"start":{"line":5,"column":6},"end":{"line":5,"column":76}},{"start":{},"end":{}}],"line":5}},"s":{"0":4,"1":4,"2":4,"3":0,"4":4,"5":0,"6":0,"7":0,"8":0,"9":0,"10":0,"11":0,"12":0,"13":0,"14":0,"15":0,"16":0,"17":0,"18":0,"19":0,"20":0,"21":0,"22":0,"23":0,"24":0,"25":0,"26":0,"27":0,"28":0,"29":4,"30":4,"31":4,"32":4,"33":1},"f":{"0":4,"1":0,"2":0,"3":0,"4":0,"5":0,"6":0,"7":4},"b":{"0":[0,4]},"_coverageSchema":"1a1c01bbd47fc00a2c39e90264f33305004495a9","hash":"b71523c11ce028632aa14667090c7950bbfd6358"}
,"D:\\BCIT\\Term4\\COMP4537\\assignment2-jwt-ClayCoding99\\getTypes.js": {"path":"D:\\BCIT\\Term4\\COMP4537\\assignment2-jwt-ClayCoding99\\getTypes.js","statementMap":{"0":{"start":{"line":1,"column":17},"end":{"line":1,"column":36}},"1":{"start":{"line":2,"column":19},"end":{"line":2,"column":27}},"2":{"start":{"line":3,"column":14},"end":{"line":3,"column":30}},"3":{"start":{"line":5,"column":17},"end":{"line":44,"column":1}},"4":{"start":{"line":6,"column":2},"end":{"line":43,"column":4}},"5":{"start":{"line":7,"column":4},"end":{"line":42,"column":6}},"6":{"start":{"line":8,"column":19},"end":{"line":8,"column":21}},"7":{"start":{"line":9,"column":6},"end":{"line":11,"column":9}},"8":{"start":{"line":10,"column":8},"end":{"line":10,"column":24}},"9":{"start":{"line":12,"column":6},"end":{"line":41,"column":8}},"10":{"start":{"line":13,"column":8},"end":{"line":13,"column":42}},"11":{"start":{"line":14,"column":8},"end":{"line":14,"column":75}},"12":{"start":{"line":14,"column":59},"end":{"line":14,"column":74}},"13":{"start":{"line":15,"column":8},"end":{"line":39,"column":10}},"14":{"start":{"line":40,"column":8},"end":{"line":40,"column":27}},"15":{"start":{"line":46,"column":0},"end":{"line":46,"column":29}}},"fnMap":{"0":{"name":"(anonymous_0)","decl":{"start":{"line":5,"column":17},"end":{"line":5,"column":18}},"loc":{"start":{"line":5,"column":23},"end":{"line":44,"column":1}},"line":5},"1":{"name":"(anonymous_1)","decl":{"start":{"line":6,"column":21},"end":{"line":6,"column":22}},"loc":{"start":{"line":6,"column":42},"end":{"line":43,"column":3}},"line":6},"2":{"name":"(anonymous_2)","decl":{"start":{"line":7,"column":90},"end":{"line":7,"column":91}},"loc":{"start":{"line":7,"column":105},"end":{"line":42,"column":5}},"line":7},"3":{"name":"(anonymous_3)","decl":{"start":{"line":9,"column":21},"end":{"line":9,"column":22}},"loc":{"start":{"line":9,"column":38},"end":{"line":11,"column":7}},"line":9},"4":{"name":"(anonymous_4)","decl":{"start":{"line":12,"column":20},"end":{"line":12,"column":21}},"loc":{"start":{"line":12,"column":36},"end":{"line":41,"column":7}},"line":12},"5":{"name":"(anonymous_5)","decl":{"start":{"line":14,"column":48},"end":{"line":14,"column":49}},"loc":{"start":{"line":14,"column":59},"end":{"line":14,"column":74}},"line":14}},"branchMap":{},"s":{"0":1,"1":1,"2":1,"3":1,"4":1,"5":1,"6":1,"7":1,"8":2,"9":1,"10":1,"11":1,"12":18,"13":1,"14":1,"15":1},"f":{"0":1,"1":1,"2":1,"3":2,"4":1,"5":18},"b":{},"_coverageSchema":"1a1c01bbd47fc00a2c39e90264f33305004495a9","hash":"4d259723edbcf0fbc67398431cee77eec82874d3"}
,"D:\\BCIT\\Term4\\COMP4537\\assignment2-jwt-ClayCoding99\\populatePokemons.js": {"path":"D:\\BCIT\\Term4\\COMP4537\\assignment2-jwt-ClayCoding99\\populatePokemons.js","statementMap":{"0":{"start":{"line":1,"column":17},"end":{"line":1,"column":36}},"1":{"start":{"line":2,"column":14},"end":{"line":2,"column":30}},"2":{"start":{"line":3,"column":20},"end":{"line":3,"column":39}},"3":{"start":{"line":5,"column":25},"end":{"line":42,"column":1}},"4":{"start":{"line":6,"column":2},"end":{"line":41,"column":4}},"5":{"start":{"line":7,"column":4},"end":{"line":7,"column":55}},"6":{"start":{"line":8,"column":4},"end":{"line":40,"column":6}},"7":{"start":{"line":9,"column":19},"end":{"line":9,"column":21}},"8":{"start":{"line":10,"column":6},"end":{"line":12,"column":9}},"9":{"start":{"line":11,"column":8},"end":{"line":11,"column":24}},"10":{"start":{"line":13,"column":6},"end":{"line":39,"column":9}},"11":{"start":{"line":14,"column":20},"end":{"line":14,"column":38}},"12":{"start":{"line":15,"column":18},"end":{"line":20,"column":10}},"13":{"start":{"line":21,"column":8},"end":{"line":38,"column":10}},"14":{"start":{"line":22,"column":10},"end":{"line":34,"column":12}},"15":{"start":{"line":23,"column":12},"end":{"line":23,"column":76}},"16":{"start":{"line":24,"column":12},"end":{"line":24,"column":49}},"17":{"start":{"line":25,"column":12},"end":{"line":25,"column":78}},"18":{"start":{"line":26,"column":12},"end":{"line":26,"column":50}},"19":{"start":{"line":27,"column":12},"end":{"line":33,"column":15}},"20":{"start":{"line":28,"column":14},"end":{"line":28,"column":40}},"21":{"start":{"line":28,"column":23},"end":{"line":28,"column":40}},"22":{"start":{"line":29,"column":14},"end":{"line":32,"column":39}},"23":{"start":{"line":30,"column":16},"end":{"line":30,"column":63}},"24":{"start":{"line":31,"column":16},"end":{"line":31,"column":26}},"25":{"start":{"line":37,"column":10},"end":{"line":37,"column":28}},"26":{"start":{"line":45,"column":0},"end":{"line":45,"column":37}}},"fnMap":{"0":{"name":"(anonymous_0)","decl":{"start":{"line":5,"column":25},"end":{"line":5,"column":26}},"loc":{"start":{"line":5,"column":41},"end":{"line":42,"column":1}},"line":5},"1":{"name":"(anonymous_1)","decl":{"start":{"line":6,"column":21},"end":{"line":6,"column":22}},"loc":{"start":{"line":6,"column":42},"end":{"line":41,"column":3}},"line":6},"2":{"name":"(anonymous_2)","decl":{"start":{"line":8,"column":92},"end":{"line":8,"column":93}},"loc":{"start":{"line":8,"column":107},"end":{"line":40,"column":5}},"line":8},"3":{"name":"(anonymous_3)","decl":{"start":{"line":10,"column":21},"end":{"line":10,"column":22}},"loc":{"start":{"line":10,"column":32},"end":{"line":12,"column":7}},"line":10},"4":{"name":"(anonymous_4)","decl":{"start":{"line":13,"column":20},"end":{"line":13,"column":21}},"loc":{"start":{"line":13,"column":32},"end":{"line":39,"column":7}},"line":13},"5":{"name":"(anonymous_5)","decl":{"start":{"line":21,"column":28},"end":{"line":21,"column":29}},"loc":{"start":{"line":21,"column":39},"end":{"line":35,"column":9}},"line":21},"6":{"name":"(anonymous_6)","decl":{"start":{"line":22,"column":29},"end":{"line":22,"column":30}},"loc":{"start":{"line":22,"column":50},"end":{"line":34,"column":11}},"line":22},"7":{"name":"(anonymous_7)","decl":{"start":{"line":27,"column":81},"end":{"line":27,"column":82}},"loc":{"start":{"line":27,"column":104},"end":{"line":33,"column":13}},"line":27},"8":{"name":"(anonymous_8)","decl":{"start":{"line":29,"column":25},"end":{"line":29,"column":26}},"loc":{"start":{"line":29,"column":31},"end":{"line":32,"column":15}},"line":29},"9":{"name":"(anonymous_9)","decl":{"start":{"line":36,"column":15},"end":{"line":36,"column":16}},"loc":{"start":{"line":36,"column":21},"end":{"line":38,"column":9}},"line":36}},"branchMap":{"0":{"loc":{"start":{"line":28,"column":14},"end":{"line":28,"column":40}},"type":"if","locations":[{"start":{"line":28,"column":14},"end":{"line":28,"column":40}},{"start":{},"end":{}}],"line":28}},"s":{"0":1,"1":1,"2":1,"3":1,"4":0,"5":0,"6":0,"7":0,"8":0,"9":0,"10":0,"11":0,"12":0,"13":0,"14":0,"15":0,"16":0,"17":0,"18":0,"19":0,"20":0,"21":0,"22":0,"23":0,"24":0,"25":0,"26":1},"f":{"0":0,"1":0,"2":0,"3":0,"4":0,"5":0,"6":0,"7":0,"8":0,"9":0},"b":{"0":[0,0]},"_coverageSchema":"1a1c01bbd47fc00a2c39e90264f33305004495a9","hash":"e337195ef45e4235a35e6e73314d853e739d4ccf"}
,"D:\\BCIT\\Term4\\COMP4537\\assignment2-jwt-ClayCoding99\\userModel.js": {"path":"D:\\BCIT\\Term4\\COMP4537\\assignment2-jwt-ClayCoding99\\userModel.js","statementMap":{"0":{"start":{"line":1,"column":17},"end":{"line":1,"column":36}},"1":{"start":{"line":3,"column":15},"end":{"line":43,"column":2}},"2":{"start":{"line":45,"column":0},"end":{"line":45,"column":52}}},"fnMap":{},"branchMap":{},"s":{"0":1,"1":1,"2":1},"f":{},"b":{},"_coverageSchema":"1a1c01bbd47fc00a2c39e90264f33305004495a9","hash":"d730a52467b9ff4da7badde3e5c30849187a085f"}
}
