TN:
SF:appServer.js
FN:35,(anonymous_0)
FN:41,(anonymous_1)
FN:63,(anonymous_2)
FN:92,(anonymous_3)
FN:101,(anonymous_4)
FN:115,(anonymous_5)
FN:132,(anonymous_6)
FN:145,(anonymous_7)
FN:158,(anonymous_8)
FN:181,(anonymous_9)
FN:204,(anonymous_10)
FNF:11
FNH:6
FNDA:1,(anonymous_0)
FNDA:1,(anonymous_1)
FNDA:7,(anonymous_2)
FNDA:1,(anonymous_3)
FNDA:1,(anonymous_4)
FNDA:0,(anonymous_5)
FNDA:0,(anonymous_6)
FNDA:0,(anonymous_7)
FNDA:0,(anonymous_8)
FNDA:0,(anonymous_9)
FNDA:1,(anonymous_10)
DA:1,1
DA:2,1
DA:3,1
DA:4,1
DA:5,1
DA:6,1
DA:7,1
DA:8,1
DA:9,1
DA:10,1
DA:22,1
DA:24,1
DA:26,1
DA:27,1
DA:31,1
DA:33,1
DA:35,1
DA:36,1
DA:37,1
DA:39,1
DA:41,1
DA:42,1
DA:43,0
DA:45,1
DA:48,1
DA:49,1
DA:50,1
DA:58,1
DA:60,1
DA:63,1
DA:65,7
DA:67,7
DA:69,1
DA:73,6
DA:75,5
DA:77,5
DA:78,5
DA:79,5
DA:81,1
DA:84,4
DA:85,4
DA:86,2
DA:88,2
DA:92,1
DA:93,1
DA:94,1
DA:95,1
DA:97,0
DA:100,1
DA:101,1
DA:102,1
DA:103,1
DA:104,1
DA:105,1
DA:107,1
DA:111,1
DA:115,1
DA:117,0
DA:118,0
DA:119,0
DA:120,0
DA:131,1
DA:132,1
DA:134,0
DA:135,0
DA:136,0
DA:137,0
DA:138,0
DA:139,0
DA:145,1
DA:147,0
DA:148,0
DA:149,0
DA:154,0
DA:158,1
DA:160,0
DA:161,0
DA:162,0
DA:167,0
DA:169,0
DA:170,0
DA:176,0
DA:181,1
DA:183,0
DA:184,0
DA:185,0
DA:189,0
DA:190,0
DA:191,0
DA:197,0
DA:204,1
DA:205,1
DA:206,1
DA:210,1
DA:212,1
LF:95
LH:65
BRDA:42,0,0,0
BRDA:42,0,1,1
BRDA:67,1,0,1
BRDA:67,1,1,6
BRDA:79,2,0,1
BRDA:79,2,1,4
BRDA:94,3,0,1
BRDA:94,3,1,0
BRDA:102,4,0,1
BRDA:102,4,1,0
BRDA:104,5,0,1
BRDA:104,5,1,0
BRDA:119,6,0,0
BRDA:119,6,1,0
BRDA:135,7,0,0
BRDA:135,7,1,0
BRDA:137,8,0,0
BRDA:137,8,1,0
BRDA:148,9,0,0
BRDA:148,9,1,0
BRDA:169,10,0,0
BRDA:169,10,1,0
BRDA:190,11,0,0
BRDA:190,11,1,0
BRF:24
BRH:8
end_of_record
TN:
SF:asyncWrapper.js
FN:1,(anonymous_0)
FN:2,(anonymous_1)
FNF:2
FNH:2
FNDA:14,(anonymous_0)
FNDA:27,(anonymous_1)
DA:1,1
DA:2,14
DA:3,27
DA:4,27
DA:6,5
DA:7,5
DA:12,1
LF:7
LH:7
BRF:0
BRH:0
end_of_record
TN:
SF:authServer.js
FN:21,(anonymous_0)
FN:24,(anonymous_1)
FN:41,(anonymous_2)
FN:58,(anonymous_3)
FN:82,(anonymous_4)
FN:123,(anonymous_5)
FNF:6
FNH:6
FNDA:1,(anonymous_0)
FNDA:1,(anonymous_1)
FNDA:3,(anonymous_2)
FNDA:2,(anonymous_3)
FNDA:10,(anonymous_4)
FNDA:1,(anonymous_5)
DA:1,1
DA:2,1
DA:3,1
DA:4,1
DA:5,1
DA:6,1
DA:7,1
DA:8,1
DA:9,1
DA:10,1
DA:16,1
DA:18,1
DA:19,1
DA:21,1
DA:22,1
DA:24,1
DA:25,1
DA:26,0
DA:28,1
DA:29,1
DA:30,1
DA:31,1
DA:34,1
DA:36,1
DA:37,1
DA:41,1
DA:42,3
DA:43,3
DA:44,3
DA:45,3
DA:46,3
DA:48,3
DA:50,2
DA:52,1
DA:56,1
DA:58,1
DA:60,2
DA:61,2
DA:62,0
DA:66,2
DA:67,2
DA:68,1
DA:69,1
DA:72,1
DA:73,1
DA:74,1
DA:75,1
DA:76,1
DA:78,0
DA:82,1
DA:83,10
DA:84,10
DA:85,10
DA:86,10
DA:88,0
DA:89,0
DA:92,10
DA:93,0
DA:96,10
DA:97,10
DA:98,1
DA:101,9
DA:102,9
DA:103,9
DA:105,9
DA:106,9
DA:107,9
DA:108,9
DA:110,0
DA:113,9
DA:119,9
DA:123,1
DA:124,1
DA:125,1
DA:126,0
DA:128,1
DA:129,1
DA:132,1
LF:78
LH:70
BRDA:25,0,0,0
BRDA:25,0,1,1
BRDA:30,1,0,1
BRDA:30,1,1,0
BRDA:61,2,0,0
BRDA:61,2,1,2
BRDA:67,3,0,1
BRDA:67,3,1,1
BRDA:67,4,0,2
BRDA:67,4,1,1
BRDA:92,5,0,0
BRDA:92,5,1,10
BRDA:97,6,0,1
BRDA:97,6,1,9
BRDA:125,7,0,0
BRDA:125,7,1,1
BRF:16
BRH:11
end_of_record
TN:
SF:connectDB.js
FN:6,(anonymous_0)
FNF:1
FNH:1
FNDA:2,(anonymous_0)
DA:1,1
DA:2,1
DA:3,1
DA:6,1
DA:7,2
DA:8,2
DA:9,2
DA:10,2
DA:11,0
DA:15,0
DA:19,1
LF:11
LH:9
BRDA:10,0,0,0
BRDA:10,0,1,2
BRF:2
BRH:1
end_of_record
TN:
SF:errorHandler.js
FN:14,(anonymous_0)
FNF:1
FNH:1
FNDA:3,(anonymous_0)
DA:1,1
DA:14,1
DA:15,3
DA:16,2
DA:18,1
DA:19,3
DA:20,3
DA:21,3
DA:22,3
DA:33,1
LF:10
LH:10
BRDA:15,0,0,2
BRDA:15,0,1,1
BRF:2
BRH:2
end_of_record
TN:
SF:errors.js
FN:2,(anonymous_0)
FN:11,(anonymous_1)
FN:20,(anonymous_2)
FN:29,(anonymous_3)
FN:38,(anonymous_4)
FN:47,(anonymous_5)
FN:56,(anonymous_6)
FN:65,(anonymous_7)
FNF:8
FNH:2
FNDA:4,(anonymous_0)
FNDA:0,(anonymous_1)
FNDA:0,(anonymous_2)
FNDA:0,(anonymous_3)
FNDA:0,(anonymous_4)
FNDA:0,(anonymous_5)
FNDA:0,(anonymous_6)
FNDA:4,(anonymous_7)
DA:3,4
DA:4,4
DA:5,4
DA:6,4
DA:12,0
DA:13,0
DA:14,0
DA:15,0
DA:21,0
DA:22,0
DA:23,0
DA:24,0
DA:30,0
DA:31,0
DA:32,0
DA:33,0
DA:39,0
DA:40,0
DA:41,0
DA:42,0
DA:48,0
DA:49,0
DA:50,0
DA:51,0
DA:57,0
DA:58,0
DA:59,0
DA:60,0
DA:66,4
DA:67,4
DA:68,4
DA:69,4
DA:74,1
LF:33
LH:9
BRDA:5,0,0,0
BRDA:5,0,1,4
BRF:2
BRH:1
end_of_record
TN:
SF:getTypes.js
FN:5,(anonymous_0)
FN:6,(anonymous_1)
FN:7,(anonymous_2)
FN:9,(anonymous_3)
FN:12,(anonymous_4)
FN:14,(anonymous_5)
FNF:6
FNH:6
FNDA:1,(anonymous_0)
FNDA:1,(anonymous_1)
FNDA:1,(anonymous_2)
FNDA:2,(anonymous_3)
FNDA:1,(anonymous_4)
FNDA:18,(anonymous_5)
DA:1,1
DA:2,1
DA:3,1
DA:5,1
DA:6,1
DA:7,1
DA:8,1
DA:9,1
DA:10,2
DA:12,1
DA:13,1
DA:14,18
DA:15,1
DA:40,1
DA:46,1
LF:15
LH:15
BRF:0
BRH:0
end_of_record
TN:
SF:populatePokemons.js
FN:5,(anonymous_0)
FN:6,(anonymous_1)
FN:8,(anonymous_2)
FN:10,(anonymous_3)
FN:13,(anonymous_4)
FN:21,(anonymous_5)
FN:22,(anonymous_6)
FN:27,(anonymous_7)
FN:29,(anonymous_8)
FN:36,(anonymous_9)
FNF:10
FNH:0
FNDA:0,(anonymous_0)
FNDA:0,(anonymous_1)
FNDA:0,(anonymous_2)
FNDA:0,(anonymous_3)
FNDA:0,(anonymous_4)
FNDA:0,(anonymous_5)
FNDA:0,(anonymous_6)
FNDA:0,(anonymous_7)
FNDA:0,(anonymous_8)
FNDA:0,(anonymous_9)
DA:1,1
DA:2,1
DA:3,1
DA:5,1
DA:6,0
DA:7,0
DA:8,0
DA:9,0
DA:10,0
DA:11,0
DA:13,0
DA:14,0
DA:15,0
DA:21,0
DA:22,0
DA:23,0
DA:24,0
DA:25,0
DA:26,0
DA:27,0
DA:28,0
DA:29,0
DA:30,0
DA:31,0
DA:37,0
DA:45,1
LF:26
LH:5
BRDA:28,0,0,0
BRDA:28,0,1,0
BRF:2
BRH:0
end_of_record
TN:
SF:userModel.js
FNF:0
FNH:0
DA:1,1
DA:3,1
DA:45,1
LF:3
LH:3
BRF:0
BRH:0
end_of_record
